<?xml version="1.0" encoding="UTF-8"?>
<!-- Generated by org.testng.reporters.JUnitXMLReporter -->
<testsuite hostname="Anastasiyas-MacBook-Pro.local" ignored="0" name="All Functionalities" tests="6" failures="0" timestamp="2023-02-06T21:57:31 CST" time="184.365" errors="0">
  <testcase name="validateTitleAndUrl" time="0.672" classname="scripts.CarvanaHomePageTest"/>
  <testcase name="validateLogo" time="1.1" classname="scripts.CarvanaHomePageTest"/>
  <testcase name="validateSectionItemsDisplayed" time="1.908" classname="scripts.CarvanaHomePageTest"/>
  <testcase name="validateSingInErrorMessage" time="17.075" classname="scripts.CarvanaHomePageTest"/>
  <testcase name="validateSearchFilterOptions" time="0.492" classname="scripts.SearchCarsTest"/>
  <testcase name="validateSearchResultTitles" time="12.471" classname="scripts.SearchCarsTest"/>
</testsuite> <!-- All Functionalities -->
