<?xml version="1.0" encoding="UTF-8"?>
<testng-results skipped="0" failed="0" ignored="0" total="6" passed="6">
  <reporter-output>
  </reporter-output>
  <suite name="Regression" duration-ms="184365" started-at="2023-02-06T21:54:26 CST" finished-at="2023-02-06T21:57:31 CST">
    <groups>
    </groups>
    <test name="All Functionalities" duration-ms="184365" started-at="2023-02-06T21:54:26 CST" finished-at="2023-02-06T21:57:31 CST">
      <class name="scripts.CarvanaHomePageTest">
        <test-method status="PASS" signature="setup()[pri:0, instance:scripts.CarvanaHomePageTest@1e88b3c]" name="setup" is-config="true" duration-ms="22778" started-at="2023-02-06T21:54:26 CST" finished-at="2023-02-06T21:54:49 CST">
          <reporter-output>
          </reporter-output>
        </test-method> <!-- setup -->
        <test-method status="PASS" signature="validateTitleAndUrl()[pri:1, instance:scripts.CarvanaHomePageTest@1e88b3c]" name="validateTitleAndUrl" duration-ms="672" started-at="2023-02-06T21:54:49 CST" description="Validate Carvana home page title and url" finished-at="2023-02-06T21:54:50 CST">
          <reporter-output>
          </reporter-output>
        </test-method> <!-- validateTitleAndUrl -->
        <test-method status="PASS" signature="teardown()[pri:0, instance:scripts.CarvanaHomePageTest@1e88b3c]" name="teardown" is-config="true" duration-ms="223" started-at="2023-02-06T21:54:50 CST" finished-at="2023-02-06T21:54:50 CST">
          <reporter-output>
          </reporter-output>
        </test-method> <!-- teardown -->
        <test-method status="PASS" signature="setup()[pri:0, instance:scripts.CarvanaHomePageTest@1e88b3c]" name="setup" is-config="true" duration-ms="21728" started-at="2023-02-06T21:54:50 CST" finished-at="2023-02-06T21:55:12 CST">
          <reporter-output>
          </reporter-output>
        </test-method> <!-- setup -->
        <test-method status="PASS" signature="validateLogo()[pri:2, instance:scripts.CarvanaHomePageTest@1e88b3c]" name="validateLogo" duration-ms="1100" started-at="2023-02-06T21:55:12 CST" description="Validate the Carvana logo" finished-at="2023-02-06T21:55:13 CST">
          <reporter-output>
          </reporter-output>
        </test-method> <!-- validateLogo -->
        <test-method status="PASS" signature="teardown()[pri:0, instance:scripts.CarvanaHomePageTest@1e88b3c]" name="teardown" is-config="true" duration-ms="365" started-at="2023-02-06T21:55:13 CST" finished-at="2023-02-06T21:55:13 CST">
          <reporter-output>
          </reporter-output>
        </test-method> <!-- teardown -->
        <test-method status="PASS" signature="setup()[pri:0, instance:scripts.CarvanaHomePageTest@1e88b3c]" name="setup" is-config="true" duration-ms="21061" started-at="2023-02-06T21:55:13 CST" finished-at="2023-02-06T21:55:34 CST">
          <reporter-output>
          </reporter-output>
        </test-method> <!-- setup -->
        <test-method status="PASS" signature="validateSectionItemsDisplayed()[pri:3, instance:scripts.CarvanaHomePageTest@1e88b3c]" name="validateSectionItemsDisplayed" duration-ms="1908" started-at="2023-02-06T21:55:34 CST" description="Validate the main navigation section items" finished-at="2023-02-06T21:55:36 CST">
          <reporter-output>
          </reporter-output>
        </test-method> <!-- validateSectionItemsDisplayed -->
        <test-method status="PASS" signature="teardown()[pri:0, instance:scripts.CarvanaHomePageTest@1e88b3c]" name="teardown" is-config="true" duration-ms="303" started-at="2023-02-06T21:55:36 CST" finished-at="2023-02-06T21:55:36 CST">
          <reporter-output>
          </reporter-output>
        </test-method> <!-- teardown -->
        <test-method status="PASS" signature="setup()[pri:0, instance:scripts.CarvanaHomePageTest@1e88b3c]" name="setup" is-config="true" duration-ms="12856" started-at="2023-02-06T21:55:36 CST" finished-at="2023-02-06T21:55:49 CST">
          <reporter-output>
          </reporter-output>
        </test-method> <!-- setup -->
        <test-method status="PASS" signature="validateSingInErrorMessage()[pri:4, instance:scripts.CarvanaHomePageTest@1e88b3c]" name="validateSingInErrorMessage" duration-ms="17075" started-at="2023-02-06T21:55:49 CST" description="Validate the sign in error message" finished-at="2023-02-06T21:56:06 CST">
          <reporter-output>
          </reporter-output>
        </test-method> <!-- validateSingInErrorMessage -->
        <test-method status="PASS" signature="teardown()[pri:0, instance:scripts.CarvanaHomePageTest@1e88b3c]" name="teardown" is-config="true" duration-ms="189" started-at="2023-02-06T21:56:06 CST" finished-at="2023-02-06T21:56:06 CST">
          <reporter-output>
          </reporter-output>
        </test-method> <!-- teardown -->
      </class> <!-- scripts.CarvanaHomePageTest -->
      <class name="scripts.SearchCarsTest">
        <test-method status="PASS" signature="setup()[pri:0, instance:scripts.SearchCarsTest@42d80b78]" name="setup" is-config="true" duration-ms="21426" started-at="2023-02-06T21:56:06 CST" finished-at="2023-02-06T21:56:28 CST">
          <reporter-output>
          </reporter-output>
        </test-method> <!-- setup -->
        <test-method status="PASS" signature="setPage()[pri:0, instance:scripts.SearchCarsTest@42d80b78]" name="setPage" is-config="true" duration-ms="14864" started-at="2023-02-06T21:56:28 CST" finished-at="2023-02-06T21:56:43 CST">
          <reporter-output>
          </reporter-output>
        </test-method> <!-- setPage -->
        <test-method status="PASS" signature="validateSearchFilterOptions()[pri:1, instance:scripts.SearchCarsTest@42d80b78]" name="validateSearchFilterOptions" duration-ms="492" started-at="2023-02-06T21:56:43 CST" description="Validate the search filter options and search button" finished-at="2023-02-06T21:56:43 CST">
          <reporter-output>
          </reporter-output>
        </test-method> <!-- validateSearchFilterOptions -->
        <test-method status="PASS" signature="teardown()[pri:0, instance:scripts.SearchCarsTest@42d80b78]" name="teardown" is-config="true" duration-ms="269" started-at="2023-02-06T21:56:43 CST" finished-at="2023-02-06T21:56:44 CST">
          <reporter-output>
          </reporter-output>
        </test-method> <!-- teardown -->
        <test-method status="PASS" signature="setup()[pri:0, instance:scripts.SearchCarsTest@42d80b78]" name="setup" is-config="true" duration-ms="20747" started-at="2023-02-06T21:56:44 CST" finished-at="2023-02-06T21:57:04 CST">
          <reporter-output>
          </reporter-output>
        </test-method> <!-- setup -->
        <test-method status="PASS" signature="setPage()[pri:0, instance:scripts.SearchCarsTest@42d80b78]" name="setPage" is-config="true" duration-ms="13563" started-at="2023-02-06T21:57:04 CST" finished-at="2023-02-06T21:57:18 CST">
          <reporter-output>
          </reporter-output>
        </test-method> <!-- setPage -->
        <test-method status="PASS" signature="validateSearchResultTitles()[pri:2, instance:scripts.SearchCarsTest@42d80b78]" name="validateSearchResultTitles" duration-ms="12471" started-at="2023-02-06T21:57:18 CST" description="Validate the search result tiles" finished-at="2023-02-06T21:57:30 CST">
          <reporter-output>
          </reporter-output>
        </test-method> <!-- validateSearchResultTitles -->
        <test-method status="PASS" signature="teardown()[pri:0, instance:scripts.SearchCarsTest@42d80b78]" name="teardown" is-config="true" duration-ms="173" started-at="2023-02-06T21:57:30 CST" finished-at="2023-02-06T21:57:30 CST">
          <reporter-output>
          </reporter-output>
        </test-method> <!-- teardown -->
      </class> <!-- scripts.SearchCarsTest -->
    </test> <!-- All Functionalities -->
  </suite> <!-- Regression -->
</testng-results>
